Search centered at: 50.451,30.524 (locnum 0)

48 hits on page 1 (max_id=inf)
171 queries remaining.
київ
matched
KC: київ Шукаю подушку  Пєчяльно  Куди я її діла?
Fri,2018,11,02,23,34,48,knowncity,київ,unk,київ,UA,1037702865790357504,1058502718623543301

україна
F: україна 1032611037885935616
poltava, ua
F: poltava  ua 302425104
одеса
matched
KC: одеса @_del_ta ЗОЖ  всі діла  я зрозумів  пробачте
Fri,2018,11,02,14,56,41,knowncity,одеса,unk,одеса,UA,824380640766345222,1058372330781659136

кагарлык
matched
KC: кагарлык Мне понравилось видео "Переходимо від лозунгів до діла" (https://t.co/uqqCRqPymc) на
Fri,2018,11,02,12,29,10,knowncity,кагарлык,unk,кагарлык,UA,787897552024825856,1058335205440806913

украина
F: украина 3345478103
харьков
matched
KC: харьков @censor_net Не треба закликів. Потрібні сприятливі умови ведення бізнесу. Це навіть я розумію.  А так це виглядає п… https://t.co/KicvbfFqIG
Thu,2018,11,01,10,14,51,knowncity,харьков,unk,харьков,UA,70894580,1057939015754829824

тернопіль
matched
KC: тернопіль Вкотре підходить якийсь папік і починає пікапити.  І вкотре я тікаю. Е  шо за діла?
Wed,2018,10,31,21,21,47,knowncity,тернопіль,unk,тернопіль,UA,2166930012,1057744465685815296

київ
matched
KC: київ Дивні діла Твої  Боже! Українцям вистачить наснаги і впертості навести Лад у своїй Хаті  почавши з Суду. Обнадійлив… https://t.co/AUQ5exaFF0
Wed,2018,10,31,20,38,12,knowncity,київ,unk,київ,UA,939622942610214912,1057733500416282624

львів
matched
KC: львів @marvelous_bitch А то вже по ходу діла  Він сам нас знайде ))
Wed,2018,10,31,19,51,14,knowncity,львів,unk,львів,UA,821749135082659841,1057721677142986752

україна
F: україна 829727489832394752
lviv
F: lviv 755878357909266432
lviv
F: lviv 206294539
київ
matched
KC: київ як діла на парах  пацани? ) https://t.co/DLEhU7sJbj
Wed,2018,10,31,08,47,18,knowncity,київ,unk,київ,UA,2476053370,1057554596158169088

украина
F: украина 1036295772684410880
украина
F: украина 2303236105
ukraine
F: ukraine 3292553778
украина, киев
matched
KC: киев Як "ідетифікувати" закарпатця.  1. Кідь Вы зайшли до закарпатця на кавиль одміняйте всі діла на тот динь бо вто ся… https://t.co/zkpfoDSYjd
Tue,2018,10,30,11,12,01,knowncity,киев,unk,киев,UA,43659703,1057228627346145281

церква несвятого хосока
F: церква несвятого хосока 2168778732
ukraine
F: ukraine 960892766883602432
ukraine
F: ukraine 146015072

F:  989940279955337217
одеса
matched
KC: одеса @lyanalivingston Такі діла
Mon,2018,10,29,15,29,29,knowncity,одеса,unk,одеса,UA,824380640766345222,1056931033638203392

україна
F: україна 4229213224
украина
F: украина 737612253063610374
хорол
F: хорол 964495933567270912
украина
F: украина 1154634973
коробка
F: коробка 1043463946500489217
ukraine
F: ukraine 1033252971897860096
україна
F: україна 2560633296
ukraine, kharkiv
F: ukraine  kharkiv 3921341075
украина, днепр
F: украина  днепр 1045401491371118592
ukraine | kyiv
F: ukraine | kyiv 875331552800014336
україна
F: україна 1013017469936685056
украина
F: украина 951054595287126016
mariupol
F: mariupol 2528195210
бункер
F: бункер 880503018818502660
україна
F: україна 921046949821894657
украина
F: украина 3304669270
украина
F: украина 2217831706
ukraine
F: ukraine 47581890
україна
F: україна 1034056908934721536
минск
F: минск 1702751186
львів, україна
matched
KC: львів люди  які приходять додому  мовчки визуваються  не поздоровавшись з котом і не запитавши  як в нього діла видаються… https://t.co/Gkdi2rKG0o
Wed,2018,10,24,12,50,55,knowncity,львів,unk,львів,UA,946485695086030848,1055079186346532864

украина, киев
matched
KC: киев Вакансия: Фахівець з дистанційного навчання  Киев  компания Діла  медична лабораторія https://t.co/FJ9ZPHtJq7
Wed,2018,10,24,04,26,50,knowncity,киев,unk,киев,UA,267723110,1054952329760387073

полтава, україна
matched
KC: полтава СПИСОК ВИКОРИСТАНОЇ ЛІТЕРАТУРИ 1. Кучма Л.Д. Націю звеличують великі цілі і діла.: Виступ Президента України Л.Д. К… https://t.co/atyoSEx1lv
Tue,2018,10,23,20,39,26,knowncity,полтава,unk,полтава,UA,121430945,1054834706045435909

kyiv
F: kyiv 462879754
україна
F: україна 1027845490002538496

0 hits on page 2 (max_id=1054705954527342591)
171 queries remaining.
Search centered at: 49.844,24.025 (locnum 1)

48 hits on page 1 (max_id=inf)
169 queries remaining.
київ
matched
KC: київ Шукаю подушку  Пєчяльно  Куди я її діла?
Fri,2018,11,02,23,34,48,knowncity,київ,unk,київ,UA,1037702865790357504,1058502718623543301

україна
F: україна 1032611037885935616
poltava, ua
F: poltava  ua 302425104
одеса
matched
KC: одеса @_del_ta ЗОЖ  всі діла  я зрозумів  пробачте
Fri,2018,11,02,14,56,41,knowncity,одеса,unk,одеса,UA,824380640766345222,1058372330781659136

кагарлык
matched
KC: кагарлык Мне понравилось видео "Переходимо від лозунгів до діла" (https://t.co/uqqCRqPymc) на
Fri,2018,11,02,12,29,10,knowncity,кагарлык,unk,кагарлык,UA,787897552024825856,1058335205440806913

украина
F: украина 3345478103
харьков
matched
KC: харьков @censor_net Не треба закликів. Потрібні сприятливі умови ведення бізнесу. Це навіть я розумію.  А так це виглядає п… https://t.co/KicvbfFqIG
Thu,2018,11,01,10,14,51,knowncity,харьков,unk,харьков,UA,70894580,1057939015754829824

тернопіль
matched
KC: тернопіль Вкотре підходить якийсь папік і починає пікапити.  І вкотре я тікаю. Е  шо за діла?
Wed,2018,10,31,21,21,47,knowncity,тернопіль,unk,тернопіль,UA,2166930012,1057744465685815296

київ
matched
KC: київ Дивні діла Твої  Боже! Українцям вистачить наснаги і впертості навести Лад у своїй Хаті  почавши з Суду. Обнадійлив… https://t.co/AUQ5exaFF0
Wed,2018,10,31,20,38,12,knowncity,київ,unk,київ,UA,939622942610214912,1057733500416282624

львів
matched
KC: львів @marvelous_bitch А то вже по ходу діла  Він сам нас знайде ))
Wed,2018,10,31,19,51,14,knowncity,львів,unk,львів,UA,821749135082659841,1057721677142986752

україна
F: україна 829727489832394752
lviv
F: lviv 755878357909266432
lviv
F: lviv 206294539
київ
matched
KC: київ як діла на парах  пацани? ) https://t.co/DLEhU7sJbj
Wed,2018,10,31,08,47,18,knowncity,київ,unk,київ,UA,2476053370,1057554596158169088

украина
F: украина 1036295772684410880
украина
F: украина 2303236105
ukraine
F: ukraine 3292553778
украина, киев
matched
KC: киев Як "ідетифікувати" закарпатця.  1. Кідь Вы зайшли до закарпатця на кавиль одміняйте всі діла на тот динь бо вто ся… https://t.co/zkpfoDSYjd
Tue,2018,10,30,11,12,01,knowncity,киев,unk,киев,UA,43659703,1057228627346145281

церква несвятого хосока
F: церква несвятого хосока 2168778732
ukraine
F: ukraine 960892766883602432
ukraine
F: ukraine 146015072

F:  989940279955337217
одеса
matched
KC: одеса @lyanalivingston Такі діла
Mon,2018,10,29,15,29,29,knowncity,одеса,unk,одеса,UA,824380640766345222,1056931033638203392

україна
F: україна 4229213224
украина
F: украина 737612253063610374
хорол
F: хорол 964495933567270912
украина
F: украина 1154634973
коробка
F: коробка 1043463946500489217
ukraine
F: ukraine 1033252971897860096
україна
F: україна 2560633296
ukraine, kharkiv
F: ukraine  kharkiv 3921341075
украина, днепр
F: украина  днепр 1045401491371118592
ukraine | kyiv
F: ukraine | kyiv 875331552800014336
україна
F: україна 1013017469936685056
украина
F: украина 951054595287126016
mariupol
F: mariupol 2528195210
бункер
F: бункер 880503018818502660
україна
F: україна 921046949821894657
украина
F: украина 3304669270
украина
F: украина 2217831706
ukraine
F: ukraine 47581890
україна
F: україна 1034056908934721536
минск
F: минск 1702751186
львів, україна
matched
KC: львів люди  які приходять додому  мовчки визуваються  не поздоровавшись з котом і не запитавши  як в нього діла видаються… https://t.co/Gkdi2rKG0o
Wed,2018,10,24,12,50,55,knowncity,львів,unk,львів,UA,946485695086030848,1055079186346532864

украина, киев
matched
KC: киев Вакансия: Фахівець з дистанційного навчання  Киев  компания Діла  медична лабораторія https://t.co/FJ9ZPHtJq7
Wed,2018,10,24,04,26,50,knowncity,киев,unk,киев,UA,267723110,1054952329760387073

полтава, україна
matched
KC: полтава СПИСОК ВИКОРИСТАНОЇ ЛІТЕРАТУРИ 1. Кучма Л.Д. Націю звеличують великі цілі і діла.: Виступ Президента України Л.Д. К… https://t.co/atyoSEx1lv
Tue,2018,10,23,20,39,26,knowncity,полтава,unk,полтава,UA,121430945,1054834706045435909

kyiv
F: kyiv 462879754
україна
F: україна 1027845490002538496

0 hits on page 2 (max_id=1054705954527342591)
169 queries remaining.
Search centered at: 48.002,37.814 (locnum 2)

50 hits on page 1 (max_id=inf)
167 queries remaining.
київ
matched
KC: київ Шукаю подушку  Пєчяльно  Куди я її діла?
Fri,2018,11,02,23,34,48,knowncity,київ,unk,київ,UA,1037702865790357504,1058502718623543301

україна
F: україна 1032611037885935616
poltava, ua
F: poltava  ua 302425104
одеса
matched
KC: одеса @_del_ta ЗОЖ  всі діла  я зрозумів  пробачте
Fri,2018,11,02,14,56,41,knowncity,одеса,unk,одеса,UA,824380640766345222,1058372330781659136

кагарлык
matched
KC: кагарлык Мне понравилось видео "Переходимо від лозунгів до діла" (https://t.co/uqqCRqPymc) на
Fri,2018,11,02,12,29,10,knowncity,кагарлык,unk,кагарлык,UA,787897552024825856,1058335205440806913

украина
F: украина 3345478103
харьков
matched
KC: харьков @censor_net Не треба закликів. Потрібні сприятливі умови ведення бізнесу. Це навіть я розумію.  А так це виглядає п… https://t.co/KicvbfFqIG
Thu,2018,11,01,10,14,51,knowncity,харьков,unk,харьков,UA,70894580,1057939015754829824

тернопіль
matched
KC: тернопіль Вкотре підходить якийсь папік і починає пікапити.  І вкотре я тікаю. Е  шо за діла?
Wed,2018,10,31,21,21,47,knowncity,тернопіль,unk,тернопіль,UA,2166930012,1057744465685815296

київ
matched
KC: київ Дивні діла Твої  Боже! Українцям вистачить наснаги і впертості навести Лад у своїй Хаті  почавши з Суду. Обнадійлив… https://t.co/AUQ5exaFF0
Wed,2018,10,31,20,38,12,knowncity,київ,unk,київ,UA,939622942610214912,1057733500416282624

львів
matched
KC: львів @marvelous_bitch А то вже по ходу діла  Він сам нас знайде ))
Wed,2018,10,31,19,51,14,knowncity,львів,unk,львів,UA,821749135082659841,1057721677142986752

україна
F: україна 829727489832394752
lviv
F: lviv 755878357909266432
lviv
F: lviv 206294539
київ
matched
KC: київ як діла на парах  пацани? ) https://t.co/DLEhU7sJbj
Wed,2018,10,31,08,47,18,knowncity,київ,unk,київ,UA,2476053370,1057554596158169088

украина
F: украина 1036295772684410880
украина
F: украина 2303236105
ukraine
F: ukraine 3292553778
украина, киев
matched
KC: киев Як "ідетифікувати" закарпатця.  1. Кідь Вы зайшли до закарпатця на кавиль одміняйте всі діла на тот динь бо вто ся… https://t.co/zkpfoDSYjd
Tue,2018,10,30,11,12,01,knowncity,киев,unk,киев,UA,43659703,1057228627346145281

церква несвятого хосока
F: церква несвятого хосока 2168778732
ukraine
F: ukraine 960892766883602432
ukraine
F: ukraine 146015072

F:  989940279955337217
одеса
matched
KC: одеса @lyanalivingston Такі діла
Mon,2018,10,29,15,29,29,knowncity,одеса,unk,одеса,UA,824380640766345222,1056931033638203392

україна
F: україна 4229213224
украина
F: украина 737612253063610374
хорол
F: хорол 964495933567270912
украина
F: украина 1154634973
коробка
F: коробка 1043463946500489217
ukraine
F: ukraine 1033252971897860096
україна
F: україна 2560633296
ukraine, kharkiv
F: ukraine  kharkiv 3921341075
украина, днепр
F: украина  днепр 1045401491371118592
ukraine | kyiv
F: ukraine | kyiv 875331552800014336
україна
F: україна 1013017469936685056
украина
F: украина 951054595287126016
10
F: 10 816636711086256128
mariupol
F: mariupol 2528195210
бункер
F: бункер 880503018818502660
україна
F: україна 921046949821894657
украина
F: украина 3304669270
украина
F: украина 2217831706
ukraine
F: ukraine 47581890
україна
F: україна 1034056908934721536
минск
F: минск 1702751186
львів, україна
matched
KC: львів люди  які приходять додому  мовчки визуваються  не поздоровавшись з котом і не запитавши  як в нього діла видаються… https://t.co/Gkdi2rKG0o
Wed,2018,10,24,12,50,55,knowncity,львів,unk,львів,UA,946485695086030848,1055079186346532864

stockholm, sweden
F: stockholm  sweden 37885824
украина, киев
matched
KC: киев Вакансия: Фахівець з дистанційного навчання  Киев  компания Діла  медична лабораторія https://t.co/FJ9ZPHtJq7
Wed,2018,10,24,04,26,50,knowncity,киев,unk,киев,UA,267723110,1054952329760387073

полтава, україна
matched
KC: полтава СПИСОК ВИКОРИСТАНОЇ ЛІТЕРАТУРИ 1. Кучма Л.Д. Націю звеличують великі цілі і діла.: Виступ Президента України Л.Д. К… https://t.co/atyoSEx1lv
Tue,2018,10,23,20,39,26,knowncity,полтава,unk,полтава,UA,121430945,1054834706045435909

kyiv
F: kyiv 462879754
ха
F: ха 346846504

0 hits on page 2 (max_id=1054714469530578944)
167 queries remaining.
Search centered at: 46.472,30.737 (locnum 3)

49 hits on page 1 (max_id=inf)
165 queries remaining.
київ
matched
KC: київ Шукаю подушку  Пєчяльно  Куди я її діла?
Fri,2018,11,02,23,34,48,knowncity,київ,unk,київ,UA,1037702865790357504,1058502718623543301

україна
F: україна 1032611037885935616
poltava, ua
F: poltava  ua 302425104
одеса
matched
KC: одеса @_del_ta ЗОЖ  всі діла  я зрозумів  пробачте
Fri,2018,11,02,14,56,41,knowncity,одеса,unk,одеса,UA,824380640766345222,1058372330781659136

кагарлык
matched
KC: кагарлык Мне понравилось видео "Переходимо від лозунгів до діла" (https://t.co/uqqCRqPymc) на
Fri,2018,11,02,12,29,10,knowncity,кагарлык,unk,кагарлык,UA,787897552024825856,1058335205440806913

украина
F: украина 3345478103
харьков
matched
KC: харьков @censor_net Не треба закликів. Потрібні сприятливі умови ведення бізнесу. Це навіть я розумію.  А так це виглядає п… https://t.co/KicvbfFqIG
Thu,2018,11,01,10,14,51,knowncity,харьков,unk,харьков,UA,70894580,1057939015754829824

тернопіль
matched
KC: тернопіль Вкотре підходить якийсь папік і починає пікапити.  І вкотре я тікаю. Е  шо за діла?
Wed,2018,10,31,21,21,47,knowncity,тернопіль,unk,тернопіль,UA,2166930012,1057744465685815296

київ
matched
KC: київ Дивні діла Твої  Боже! Українцям вистачить наснаги і впертості навести Лад у своїй Хаті  почавши з Суду. Обнадійлив… https://t.co/AUQ5exaFF0
Wed,2018,10,31,20,38,12,knowncity,київ,unk,київ,UA,939622942610214912,1057733500416282624

львів
matched
KC: львів @marvelous_bitch А то вже по ходу діла  Він сам нас знайде ))
Wed,2018,10,31,19,51,14,knowncity,львів,unk,львів,UA,821749135082659841,1057721677142986752

україна
F: україна 829727489832394752
lviv
F: lviv 755878357909266432
lviv
F: lviv 206294539
київ
matched
KC: київ як діла на парах  пацани? ) https://t.co/DLEhU7sJbj
Wed,2018,10,31,08,47,18,knowncity,київ,unk,київ,UA,2476053370,1057554596158169088

украина
F: украина 1036295772684410880
украина
F: украина 2303236105
ukraine
F: ukraine 3292553778
украина, киев
matched
KC: киев Як "ідетифікувати" закарпатця.  1. Кідь Вы зайшли до закарпатця на кавиль одміняйте всі діла на тот динь бо вто ся… https://t.co/zkpfoDSYjd
Tue,2018,10,30,11,12,01,knowncity,киев,unk,киев,UA,43659703,1057228627346145281

церква несвятого хосока
F: церква несвятого хосока 2168778732
ukraine
F: ukraine 960892766883602432
ukraine
F: ukraine 146015072

F:  989940279955337217
одеса
matched
KC: одеса @lyanalivingston Такі діла
Mon,2018,10,29,15,29,29,knowncity,одеса,unk,одеса,UA,824380640766345222,1056931033638203392

україна
F: україна 4229213224
украина
F: украина 737612253063610374
хорол
F: хорол 964495933567270912
украина
F: украина 1154634973
коробка
F: коробка 1043463946500489217
ukraine
F: ukraine 1033252971897860096
україна
F: україна 2560633296
ukraine, kharkiv
F: ukraine  kharkiv 3921341075
украина, днепр
F: украина  днепр 1045401491371118592
ukraine | kyiv
F: ukraine | kyiv 875331552800014336
україна
F: україна 1013017469936685056
украина
F: украина 951054595287126016
10
F: 10 816636711086256128
mariupol
F: mariupol 2528195210
бункер
F: бункер 880503018818502660
україна
F: україна 921046949821894657
украина
F: украина 3304669270
украина
F: украина 2217831706
ukraine
F: ukraine 47581890
україна
F: україна 1034056908934721536
минск
F: минск 1702751186
львів, україна
matched
KC: львів люди  які приходять додому  мовчки визуваються  не поздоровавшись з котом і не запитавши  як в нього діла видаються… https://t.co/Gkdi2rKG0o
Wed,2018,10,24,12,50,55,knowncity,львів,unk,львів,UA,946485695086030848,1055079186346532864

украина, киев
matched
KC: киев Вакансия: Фахівець з дистанційного навчання  Киев  компания Діла  медична лабораторія https://t.co/FJ9ZPHtJq7
Wed,2018,10,24,04,26,50,knowncity,киев,unk,киев,UA,267723110,1054952329760387073

полтава, україна
matched
KC: полтава СПИСОК ВИКОРИСТАНОЇ ЛІТЕРАТУРИ 1. Кучма Л.Д. Націю звеличують великі цілі і діла.: Виступ Президента України Л.Д. К… https://t.co/atyoSEx1lv
Tue,2018,10,23,20,39,26,knowncity,полтава,unk,полтава,UA,121430945,1054834706045435909

kyiv
F: kyiv 462879754
україна
F: україна 1027845490002538496

0 hits on page 2 (max_id=1054705954527342591)
165 queries remaining.
Balancing multi-location search results.
maximin: inf
0 cutoffs for loc 0
0 cutoffs for loc 1
0 cutoffs for loc 2
0 cutoffs for loc 3
---
Searched for діла
195 tweets found. Centered at  46.472,30.737,2500km
Locations: {'knowncity': 52, 'failure': 143}
---
Queries remaining: 166
Current time: 07:45:33
Reset time:   07:59:34
